<?xml version="1.0" encoding="UTF-8"?>
<testng-results ignored="0" total="1" passed="1" failed="0" skipped="0">
  <reporter-output>
  </reporter-output>
  <suite started-at="2021-11-10T00:54:35Z" name="Suite1" finished-at="2021-11-10T00:54:35Z" duration-ms="32">
    <groups>
    </groups>
    <test started-at="2021-11-10T00:54:35Z" name="Nopackage" finished-at="2021-11-10T00:54:35Z" duration-ms="32">
      <class name="name.onetwo.Abc">
        <test-method signature="test()[pri:0, instance:name.onetwo.Abc@45ac5f9b]" started-at="2021-11-10T00:54:35Z" name="test" finished-at="2021-11-10T00:54:35Z" duration-ms="8" status="PASS">
          <reporter-output>
          </reporter-output>
        </test-method> <!-- test -->
      </class> <!-- name.onetwo.Abc -->
    </test> <!-- Nopackage -->
  </suite> <!-- Suite1 -->
</testng-results>
